
=== Linting packages/spark-advisor-models ===
All checks passed!
Success: no issues found in 15 source files

=== Linting packages/spark-advisor-rules ===
All checks passed!
Success: no issues found in 3 source files

=== Linting packages/spark-advisor-cli ===
All checks passed!
Success: no issues found in 10 source files

=== Linting packages/spark-advisor-analyzer ===
All checks passed!
Success: no issues found in 18 source files

=== Linting packages/spark-advisor-hs-connector ===
All checks passed!
Success: no issues found in 9 source files

=== Linting packages/spark-advisor-gateway ===
I001 [*] Import block is un-sorted or un-formatted
  --> src/spark_advisor_gateway/api/routes.py:1:1
   |
 1 | / from __future__ import annotations
 2 | |
 3 | | import asyncio
 4 | | import logging
 5 | | from typing import Annotated, Any, TYPE_CHECKING
 6 | |
 7 | | import orjson
 8 | | from fastapi import APIRouter, Depends, HTTPException, Request
 9 | | from fastapi.responses import StreamingResponse
10 | |
11 | | from spark_advisor_gateway.api.schemas import (
12 | |     AnalyzeRequest,
13 | |     AnalyzeResponse,
14 | |     ApplicationResponse,
15 | |     PaginatedTaskResponse,
16 | |     TaskResponse,
17 | |     TaskStatsResponse,
18 | | )
19 | | from spark_advisor_gateway.config import GatewaySettings, StateKey
20 | | from spark_advisor_gateway.task.models import TaskStatus
   | |________________________________________________________^
21 |
22 |   if TYPE_CHECKING:
   |
help: Organize imports

Found 1 error.
[*] 1 fixable with the `--fix` option.
make: *** [lint] Error 1
